<?xml version="1.0" encoding="UTF-8" ?>
<testsuite tests="40" failures="0" name="step_definitions.RunCukesTest" time="19.835" errors="0" skipped="0">
  <properties>
[...]
</properties>
  <testcase classname="Scenario: Make sure button home clickable and link to next page" name="Given User open the home page" time="0"/>
  <testcase classname="Scenario: Make sure button home clickable and link to next page" name="And User click button nav toggle" time="0.001"/>
  <testcase classname="Scenario: Make sure button home clickable and link to next page" name="And User click button home" time="0"/>
  <testcase classname="Scenario: Make sure button home clickable and link to next page" name="Then User can see the home screen" time="0"/>
  <testcase classname="Scenario: Make sure button home clickable and link to next page" name="Scenario: Make sure button home clickable and link to next page" time="10.629"/>
  <testcase classname="Scenario: Make sure button interior clickable and link to next page" name="Given User open the home page" time="0"/>
  <testcase classname="Scenario: Make sure button interior clickable and link to next page" name="And User click button nav toggle" time="0"/>
  <testcase classname="Scenario: Make sure button interior clickable and link to next page" name="And User click button interior" time="0"/>
  <testcase classname="Scenario: Make sure button interior clickable and link to next page" name="Then User can see the interior screen" time="0"/>
  <testcase classname="Scenario: Make sure button interior clickable and link to next page" name="Scenario: Make sure button interior clickable and link to next page" time="1.234"/>
  <testcase classname="Scenario: Make sure button amenities clickable and link to next page" name="Given User open the home page" time="0"/>
  <testcase classname="Scenario: Make sure button amenities clickable and link to next page" name="And User click button nav toggle" time="0"/>
  <testcase classname="Scenario: Make sure button amenities clickable and link to next page" name="And User click button amenities" time="0"/>
  <testcase classname="Scenario: Make sure button amenities clickable and link to next page" name="Then User can see the amenities screen" time="0"/>
  <testcase classname="Scenario: Make sure button amenities clickable and link to next page" name="Scenario: Make sure button amenities clickable and link to next page" time="1.561"/>
  <testcase classname="Scenario: Make sure button rooms clickable and link to next page" name="Given User open the home page" time="0"/>
  <testcase classname="Scenario: Make sure button rooms clickable and link to next page" name="And User click button nav toggle" time="0"/>
  <testcase classname="Scenario: Make sure button rooms clickable and link to next page" name="And User click button rooms" time="0"/>
  <testcase classname="Scenario: Make sure button rooms clickable and link to next page" name="Then User can see the rooms screen" time="0"/>
  <testcase classname="Scenario: Make sure button rooms clickable and link to next page" name="Scenario: Make sure button rooms clickable and link to next page" time="1.412"/>
  <testcase classname="Scenario: Make sure button testimonials clickable and link to next page" name="Given User open the home page" time="0"/>
  <testcase classname="Scenario: Make sure button testimonials clickable and link to next page" name="And User click button nav toggle" time="0"/>
  <testcase classname="Scenario: Make sure button testimonials clickable and link to next page" name="And User click button testimonials" time="0"/>
  <testcase classname="Scenario: Make sure button testimonials clickable and link to next page" name="Then User can see the testimonials screen" time="0.001"/>
  <testcase classname="Scenario: Make sure button testimonials clickable and link to next page" name="Scenario: Make sure button testimonials clickable and link to next page" time="1.347"/>
  <testcase classname="Scenario: Make sure button legal notice clickable and link to next page" name="Given User open the home page" time="0"/>
  <testcase classname="Scenario: Make sure button legal notice clickable and link to next page" name="And User click button nav toggle" time="0"/>
  <testcase classname="Scenario: Make sure button legal notice clickable and link to next page" name="And User click button legal notice" time="0"/>
  <testcase classname="Scenario: Make sure button legal notice clickable and link to next page" name="Then User can see the legal notice screen" time="0"/>
  <testcase classname="Scenario: Make sure button legal notice clickable and link to next page" name="Scenario: Make sure button legal notice clickable and link to next page" time="1.291"/>
  <testcase classname="Scenario: Make sure button about us clickable and link to next page" name="Given User open the home page" time="0"/>
  <testcase classname="Scenario: Make sure button about us clickable and link to next page" name="And User click button nav toggle" time="0.001"/>
  <testcase classname="Scenario: Make sure button about us clickable and link to next page" name="And User click button about us" time="0"/>
  <testcase classname="Scenario: Make sure button about us clickable and link to next page" name="Then User can see the about us screen" time="0"/>
  <testcase classname="Scenario: Make sure button about us clickable and link to next page" name="Scenario: Make sure button about us clickable and link to next page" time="1.154"/>
  <testcase classname="Scenario: Make sure button contact clickable and link to next page" name="Given User open the home page" time="0"/>
  <testcase classname="Scenario: Make sure button contact clickable and link to next page" name="And User click button nav toggle" time="0"/>
  <testcase classname="Scenario: Make sure button contact clickable and link to next page" name="And User click button contact" time="0"/>
  <testcase classname="Scenario: Make sure button contact clickable and link to next page" name="Then User can see the contact us screen" time="0"/>
  <testcase classname="Scenario: Make sure button contact clickable and link to next page" name="Scenario: Make sure button contact clickable and link to next page" time="1.204"/>
</testsuite>